<?xml version="1.0" encoding="UTF-8" ?>
<testsuite tests="5" failures="0" name="zoo.socialmedia.test.ZooManagerTest" time="0.085" errors="0" skipped="0">
  <properties>
[...]
</properties>
  <testcase classname="zoo.socialmedia.test.ZooManagerTest" name="test_without_register_showDayActivity" time="0.065"/>
  <testcase classname="zoo.socialmedia.test.ZooManagerTest" name="test_with_register_showDayActivity" time="0.014"/>
  <testcase classname="zoo.socialmedia.test.ZooManagerTest" name="test_showAnimalsAndProperties" time="0.002"/>
  <testcase classname="zoo.socialmedia.test.ZooManagerTest" name="test_registerAndShowAnimals" time="0.001"/>
  <testcase classname="zoo.socialmedia.test.ZooManagerTest" name="test_perform_day_activity" time="0.003"/>
</testsuite>